<?xml version="1.0" encoding="UTF-8"?>
<testsuite xmlns:xsi="http://www.w3.org/2001/XMLSchema-instance" xsi:noNamespaceSchemaLocation="https://maven.apache.org/surefire/maven-surefire-plugin/xsd/surefire-test-report-3.0.xsd" version="3.0" name="com.helpdeskapi.rest.resource.TestResourceTest" time="1.723" tests="1" errors="0" skipped="0" failures="0">
  <properties>
    <property name="java.specification.version" value="17"/>
    <property name="sun.cpu.isalist" value="amd64"/>
    <property name="sun.jnu.encoding" value="Cp1252"/>
    <property name="java.class.path" value="C:\Users\Administrador\Documents\NetBeansProjects\HelpDeskAPI\helpdeskapi-rest\target\test-classes;C:\Users\Administrador\Documents\NetBeansProjects\HelpDeskAPI\helpdeskapi-rest\target\classes;C:\Users\Administrador\.m2\repository\ch\qos\logback\logback-classic\1.2.7\logback-classic-1.2.7.jar;C:\Users\Administrador\.m2\repository\ch\qos\logback\logback-core\1.2.7\logback-core-1.2.7.jar;C:\Users\Administrador\.m2\repository\jakarta\ws\rs\jakarta.ws.rs-api\3.0.0\jakarta.ws.rs-api-3.0.0.jar;C:\Users\Administrador\.m2\repository\org\glassfish\jaxb\jaxb-runtime\3.0.2\jaxb-runtime-3.0.2.jar;C:\Users\Administrador\.m2\repository\com\sun\activation\jakarta.activation\2.0.1\jakarta.activation-2.0.1.jar;C:\Users\Administrador\.m2\repository\org\glassfish\jaxb\jaxb-core\3.0.2\jaxb-core-3.0.2.jar;C:\Users\Administrador\.m2\repository\jakarta\xml\bind\jakarta.xml.bind-api\3.0.1\jakarta.xml.bind-api-3.0.1.jar;C:\Users\Administrador\.m2\repository\org\glassfish\jaxb\txw2\3.0.2\txw2-3.0.2.jar;C:\Users\Administrador\.m2\repository\com\sun\istack\istack-commons-runtime\4.0.1\istack-commons-runtime-4.0.1.jar;C:\Users\Administrador\.m2\repository\org\glassfish\jersey\core\jersey-server\3.0.3\jersey-server-3.0.3.jar;C:\Users\Administrador\.m2\repository\org\glassfish\jersey\core\jersey-common\3.0.3\jersey-common-3.0.3.jar;C:\Users\Administrador\.m2\repository\org\glassfish\hk2\osgi-resource-locator\1.0.3\osgi-resource-locator-1.0.3.jar;C:\Users\Administrador\.m2\repository\org\glassfish\jersey\core\jersey-client\3.0.3\jersey-client-3.0.3.jar;C:\Users\Administrador\.m2\repository\jakarta\annotation\jakarta.annotation-api\2.0.0\jakarta.annotation-api-2.0.0.jar;C:\Users\Administrador\.m2\repository\jakarta\inject\jakarta.inject-api\2.0.0\jakarta.inject-api-2.0.0.jar;C:\Users\Administrador\.m2\repository\jakarta\validation\jakarta.validation-api\3.0.0\jakarta.validation-api-3.0.0.jar;C:\Users\Administrador\.m2\repository\org\glassfish\jersey\inject\jersey-hk2\3.0.3\jersey-hk2-3.0.3.jar;C:\Users\Administrador\.m2\repository\org\glassfish\hk2\hk2-locator\3.0.1\hk2-locator-3.0.1.jar;C:\Users\Administrador\.m2\repository\org\javassist\javassist\3.25.0-GA\javassist-3.25.0-GA.jar;C:\Users\Administrador\.m2\repository\org\glassfish\jersey\test-framework\jersey-test-framework-core\3.0.3\jersey-test-framework-core-3.0.3.jar;C:\Users\Administrador\.m2\repository\jakarta\servlet\jakarta.servlet-api\5.0.0\jakarta.servlet-api-5.0.0.jar;C:\Users\Administrador\.m2\repository\org\glassfish\jersey\media\jersey-media-jaxb\3.0.3\jersey-media-jaxb-3.0.3.jar;C:\Users\Administrador\.m2\repository\org\glassfish\jersey\containers\jersey-container-servlet-core\3.0.3\jersey-container-servlet-core-3.0.3.jar;C:\Users\Administrador\.m2\repository\org\glassfish\jersey\test-framework\providers\jersey-test-framework-provider-jetty\3.0.3\jersey-test-framework-provider-jetty-3.0.3.jar;C:\Users\Administrador\.m2\repository\org\glassfish\jersey\containers\jersey-container-jetty-http\3.0.3\jersey-container-jetty-http-3.0.3.jar;C:\Users\Administrador\.m2\repository\org\eclipse\jetty\jetty-server\11.0.7\jetty-server-11.0.7.jar;C:\Users\Administrador\.m2\repository\org\eclipse\jetty\jetty-http\11.0.7\jetty-http-11.0.7.jar;C:\Users\Administrador\.m2\repository\org\eclipse\jetty\jetty-io\11.0.7\jetty-io-11.0.7.jar;C:\Users\Administrador\.m2\repository\org\eclipse\jetty\jetty-util\11.0.7\jetty-util-11.0.7.jar;C:\Users\Administrador\.m2\repository\junit\junit\4.13.1\junit-4.13.1.jar;C:\Users\Administrador\.m2\repository\org\hamcrest\hamcrest-core\1.3\hamcrest-core-1.3.jar;C:\Users\Administrador\.m2\repository\org\glassfish\hk2\hk2-api\3.0.2\hk2-api-3.0.2.jar;C:\Users\Administrador\.m2\repository\org\glassfish\hk2\hk2-utils\3.0.2\hk2-utils-3.0.2.jar;C:\Users\Administrador\.m2\repository\org\glassfish\hk2\external\aopalliance-repackaged\3.0.2\aopalliance-repackaged-3.0.2.jar;C:\Users\Administrador\.m2\repository\org\junit\jupiter\junit-jupiter-api\5.8.1\junit-jupiter-api-5.8.1.jar;C:\Users\Administrador\.m2\repository\org\opentest4j\opentest4j\1.2.0\opentest4j-1.2.0.jar;C:\Users\Administrador\.m2\repository\org\junit\platform\junit-platform-commons\1.8.1\junit-platform-commons-1.8.1.jar;C:\Users\Administrador\.m2\repository\org\apiguardian\apiguardian-api\1.1.2\apiguardian-api-1.1.2.jar;C:\Users\Administrador\.m2\repository\org\slf4j\slf4j-api\1.7.32\slf4j-api-1.7.32.jar;"/>
    <property name="java.vm.vendor" value="Oracle Corporation"/>
    <property name="sun.arch.data.model" value="64"/>
    <property name="user.variant" value=""/>
    <property name="java.vendor.url" value="https://java.oracle.com/"/>
    <property name="user.timezone" value="Europe/Paris"/>
    <property name="os.name" value="Windows Server 2022"/>
    <property name="java.vm.specification.version" value="17"/>
    <property name="sun.java.launcher" value="SUN_STANDARD"/>
    <property name="user.country" value="MX"/>
    <property name="sun.boot.library.path" value="C:\Program Files\Java\jdk-17\bin"/>
    <property name="sun.java.command" value="C:\Users\Administrador\AppData\Local\Temp\1\surefire17081877511731867946\surefirebooter12169391547277221981.jar C:\Users\Administrador\AppData\Local\Temp\1\surefire17081877511731867946 2024-11-08T00-06-19_892-jvmRun1 surefire14922120771608285328tmp surefire_01128677148630810960tmp"/>
    <property name="jdk.debug" value="release"/>
    <property name="surefire.test.class.path" value="C:\Users\Administrador\Documents\NetBeansProjects\HelpDeskAPI\helpdeskapi-rest\target\test-classes;C:\Users\Administrador\Documents\NetBeansProjects\HelpDeskAPI\helpdeskapi-rest\target\classes;C:\Users\Administrador\.m2\repository\ch\qos\logback\logback-classic\1.2.7\logback-classic-1.2.7.jar;C:\Users\Administrador\.m2\repository\ch\qos\logback\logback-core\1.2.7\logback-core-1.2.7.jar;C:\Users\Administrador\.m2\repository\jakarta\ws\rs\jakarta.ws.rs-api\3.0.0\jakarta.ws.rs-api-3.0.0.jar;C:\Users\Administrador\.m2\repository\org\glassfish\jaxb\jaxb-runtime\3.0.2\jaxb-runtime-3.0.2.jar;C:\Users\Administrador\.m2\repository\com\sun\activation\jakarta.activation\2.0.1\jakarta.activation-2.0.1.jar;C:\Users\Administrador\.m2\repository\org\glassfish\jaxb\jaxb-core\3.0.2\jaxb-core-3.0.2.jar;C:\Users\Administrador\.m2\repository\jakarta\xml\bind\jakarta.xml.bind-api\3.0.1\jakarta.xml.bind-api-3.0.1.jar;C:\Users\Administrador\.m2\repository\org\glassfish\jaxb\txw2\3.0.2\txw2-3.0.2.jar;C:\Users\Administrador\.m2\repository\com\sun\istack\istack-commons-runtime\4.0.1\istack-commons-runtime-4.0.1.jar;C:\Users\Administrador\.m2\repository\org\glassfish\jersey\core\jersey-server\3.0.3\jersey-server-3.0.3.jar;C:\Users\Administrador\.m2\repository\org\glassfish\jersey\core\jersey-common\3.0.3\jersey-common-3.0.3.jar;C:\Users\Administrador\.m2\repository\org\glassfish\hk2\osgi-resource-locator\1.0.3\osgi-resource-locator-1.0.3.jar;C:\Users\Administrador\.m2\repository\org\glassfish\jersey\core\jersey-client\3.0.3\jersey-client-3.0.3.jar;C:\Users\Administrador\.m2\repository\jakarta\annotation\jakarta.annotation-api\2.0.0\jakarta.annotation-api-2.0.0.jar;C:\Users\Administrador\.m2\repository\jakarta\inject\jakarta.inject-api\2.0.0\jakarta.inject-api-2.0.0.jar;C:\Users\Administrador\.m2\repository\jakarta\validation\jakarta.validation-api\3.0.0\jakarta.validation-api-3.0.0.jar;C:\Users\Administrador\.m2\repository\org\glassfish\jersey\inject\jersey-hk2\3.0.3\jersey-hk2-3.0.3.jar;C:\Users\Administrador\.m2\repository\org\glassfish\hk2\hk2-locator\3.0.1\hk2-locator-3.0.1.jar;C:\Users\Administrador\.m2\repository\org\javassist\javassist\3.25.0-GA\javassist-3.25.0-GA.jar;C:\Users\Administrador\.m2\repository\org\glassfish\jersey\test-framework\jersey-test-framework-core\3.0.3\jersey-test-framework-core-3.0.3.jar;C:\Users\Administrador\.m2\repository\jakarta\servlet\jakarta.servlet-api\5.0.0\jakarta.servlet-api-5.0.0.jar;C:\Users\Administrador\.m2\repository\org\glassfish\jersey\media\jersey-media-jaxb\3.0.3\jersey-media-jaxb-3.0.3.jar;C:\Users\Administrador\.m2\repository\org\glassfish\jersey\containers\jersey-container-servlet-core\3.0.3\jersey-container-servlet-core-3.0.3.jar;C:\Users\Administrador\.m2\repository\org\glassfish\jersey\test-framework\providers\jersey-test-framework-provider-jetty\3.0.3\jersey-test-framework-provider-jetty-3.0.3.jar;C:\Users\Administrador\.m2\repository\org\glassfish\jersey\containers\jersey-container-jetty-http\3.0.3\jersey-container-jetty-http-3.0.3.jar;C:\Users\Administrador\.m2\repository\org\eclipse\jetty\jetty-server\11.0.7\jetty-server-11.0.7.jar;C:\Users\Administrador\.m2\repository\org\eclipse\jetty\jetty-http\11.0.7\jetty-http-11.0.7.jar;C:\Users\Administrador\.m2\repository\org\eclipse\jetty\jetty-io\11.0.7\jetty-io-11.0.7.jar;C:\Users\Administrador\.m2\repository\org\eclipse\jetty\jetty-util\11.0.7\jetty-util-11.0.7.jar;C:\Users\Administrador\.m2\repository\junit\junit\4.13.1\junit-4.13.1.jar;C:\Users\Administrador\.m2\repository\org\hamcrest\hamcrest-core\1.3\hamcrest-core-1.3.jar;C:\Users\Administrador\.m2\repository\org\glassfish\hk2\hk2-api\3.0.2\hk2-api-3.0.2.jar;C:\Users\Administrador\.m2\repository\org\glassfish\hk2\hk2-utils\3.0.2\hk2-utils-3.0.2.jar;C:\Users\Administrador\.m2\repository\org\glassfish\hk2\external\aopalliance-repackaged\3.0.2\aopalliance-repackaged-3.0.2.jar;C:\Users\Administrador\.m2\repository\org\junit\jupiter\junit-jupiter-api\5.8.1\junit-jupiter-api-5.8.1.jar;C:\Users\Administrador\.m2\repository\org\opentest4j\opentest4j\1.2.0\opentest4j-1.2.0.jar;C:\Users\Administrador\.m2\repository\org\junit\platform\junit-platform-commons\1.8.1\junit-platform-commons-1.8.1.jar;C:\Users\Administrador\.m2\repository\org\apiguardian\apiguardian-api\1.1.2\apiguardian-api-1.1.2.jar;C:\Users\Administrador\.m2\repository\org\slf4j\slf4j-api\1.7.32\slf4j-api-1.7.32.jar;"/>
    <property name="sun.cpu.endian" value="little"/>
    <property name="user.home" value="C:\Users\Administrador"/>
    <property name="user.language" value="es"/>
    <property name="java.specification.vendor" value="Oracle Corporation"/>
    <property name="java.version.date" value="2024-07-16"/>
    <property name="java.home" value="C:\Program Files\Java\jdk-17"/>
    <property name="file.separator" value="\"/>
    <property name="basedir" value="C:\Users\Administrador\Documents\NetBeansProjects\HelpDeskAPI\helpdeskapi-rest"/>
    <property name="java.vm.compressedOopsMode" value="Zero based"/>
    <property name="line.separator" value="&#10;"/>
    <property name="java.vm.specification.vendor" value="Oracle Corporation"/>
    <property name="java.specification.name" value="Java Platform API Specification"/>
    <property name="surefire.real.class.path" value="C:\Users\Administrador\AppData\Local\Temp\1\surefire17081877511731867946\surefirebooter12169391547277221981.jar"/>
    <property name="user.script" value=""/>
    <property name="sun.management.compiler" value="HotSpot 64-Bit Tiered Compilers"/>
    <property name="java.runtime.version" value="17.0.12+8-LTS-286"/>
    <property name="user.name" value="Administrador"/>
    <property name="path.separator" value=";"/>
    <property name="os.version" value="10.0"/>
    <property name="java.runtime.name" value="Java(TM) SE Runtime Environment"/>
    <property name="file.encoding" value="Cp1252"/>
    <property name="java.vm.name" value="Java HotSpot(TM) 64-Bit Server VM"/>
    <property name="localRepository" value="C:\Users\Administrador\.m2\repository"/>
    <property name="java.vendor.url.bug" value="https://bugreport.java.com/bugreport/"/>
    <property name="jetty.git.hash" value="389a3587725d94cc2470ed06aa184c6e57fe9ce8"/>
    <property name="java.io.tmpdir" value="C:\Users\ADMINI~1\AppData\Local\Temp\1\"/>
    <property name="java.version" value="17.0.12"/>
    <property name="user.dir" value="C:\Users\Administrador\Documents\NetBeansProjects\HelpDeskAPI\helpdeskapi-rest"/>
    <property name="os.arch" value="amd64"/>
    <property name="java.vm.specification.name" value="Java Virtual Machine Specification"/>
    <property name="sun.os.patch.level" value=""/>
    <property name="native.encoding" value="Cp1252"/>
    <property name="java.library.path" value="C:\Program Files\Java\jdk-17\bin;C:\Windows\Sun\Java\bin;C:\Windows\system32;C:\Windows;C:\Program Files\Common Files\Oracle\Java\javapath;C:\Windows\system32;C:\Windows;C:\Windows\System32\Wbem;C:\Windows\System32\WindowsPowerShell\v1.0\;C:\Windows\System32\OpenSSH\;C:\Program Files\Java\jdk-17\bin;C:\Program Files\apache-maven-3.9.9\bin;C:\Program Files\Git\cmd;C:\Users\Administrador\AppData\Local\Microsoft\WindowsApps;C:\Users\Administrador\AppData\Local\GitHubDesktop\bin;C:\Program Files\JetBrains\IntelliJ IDEA 2024.2.3\bin;;C:\ProgramData\Microsoft VS Code\bin;."/>
    <property name="java.vm.info" value="mixed mode, sharing"/>
    <property name="java.vendor" value="Oracle Corporation"/>
    <property name="java.vm.version" value="17.0.12+8-LTS-286"/>
    <property name="sun.io.unicode.encoding" value="UnicodeLittle"/>
    <property name="java.class.version" value="61.0"/>
  </properties>
  <testcase name="test" classname="com.helpdeskapi.rest.resource.TestResourceTest" time="1.472">
    <system-out><![CDATA[2024-11-08 00:06:22,295 INFO  15   com.helpdeskapi.rest.ApiApplication                - Configuracion de binder
]]></system-out>
  </testcase>
</testsuite>