<?xml version="1.0" encoding="UTF-8"?>
<testsuite xmlns:xsi="http://www.w3.org/2001/XMLSchema-instance" xsi:noNamespaceSchemaLocation="https://maven.apache.org/surefire/maven-surefire-plugin/xsd/surefire-test-report.xsd" version="3.0.2" name="com.helpdeskapi.server.config.SystemKeyTest" time="0.01" tests="2" errors="0" skipped="0" failures="0">
  <properties>
    <property name="java.specification.version" value="17"/>
    <property name="sun.cpu.isalist" value="amd64"/>
    <property name="sun.jnu.encoding" value="Cp1252"/>
    <property name="java.class.path" value="C:\Users\Administrador\Documents\NetBeansProjects\HelpDeskAPI\helpdeskapi-server\target\test-classes;C:\Users\Administrador\Documents\NetBeansProjects\HelpDeskAPI\helpdeskapi-server\target\classes;C:\Users\Administrador\.m2\repository\com\vizuru\helpdeskapi-rest\1.0-SNAPSHOT\helpdeskapi-rest-1.0-SNAPSHOT.jar;C:\Users\Administrador\.m2\repository\jakarta\ws\rs\jakarta.ws.rs-api\4.0.0\jakarta.ws.rs-api-4.0.0.jar;C:\Users\Administrador\.m2\repository\org\glassfish\jaxb\jaxb-runtime\4.0.5\jaxb-runtime-4.0.5.jar;C:\Users\Administrador\.m2\repository\org\glassfish\jaxb\jaxb-core\4.0.5\jaxb-core-4.0.5.jar;C:\Users\Administrador\.m2\repository\jakarta\xml\bind\jakarta.xml.bind-api\4.0.2\jakarta.xml.bind-api-4.0.2.jar;C:\Users\Administrador\.m2\repository\jakarta\activation\jakarta.activation-api\2.1.3\jakarta.activation-api-2.1.3.jar;C:\Users\Administrador\.m2\repository\org\eclipse\angus\angus-activation\2.0.2\angus-activation-2.0.2.jar;C:\Users\Administrador\.m2\repository\org\glassfish\jaxb\txw2\4.0.5\txw2-4.0.5.jar;C:\Users\Administrador\.m2\repository\com\sun\istack\istack-commons-runtime\4.1.2\istack-commons-runtime-4.1.2.jar;C:\Users\Administrador\.m2\repository\org\glassfish\jersey\inject\jersey-hk2\4.0.0-M1\jersey-hk2-4.0.0-M1.jar;C:\Users\Administrador\.m2\repository\org\glassfish\hk2\hk2-locator\4.0.0-M1\hk2-locator-4.0.0-M1.jar;C:\Users\Administrador\.m2\repository\org\javassist\javassist\3.29.2-GA\javassist-3.29.2-GA.jar;C:\Users\Administrador\.m2\repository\org\glassfish\hk2\hk2-api\4.0.0-M1\hk2-api-4.0.0-M1.jar;C:\Users\Administrador\.m2\repository\org\glassfish\hk2\hk2-utils\4.0.0-M1\hk2-utils-4.0.0-M1.jar;C:\Users\Administrador\.m2\repository\org\glassfish\hk2\external\aopalliance-repackaged\4.0.0-M1\aopalliance-repackaged-4.0.0-M1.jar;C:\Users\Administrador\.m2\repository\org\eclipse\jetty\jetty-http\11.0.7\jetty-http-11.0.7.jar;C:\Users\Administrador\.m2\repository\org\eclipse\jetty\jetty-io\11.0.7\jetty-io-11.0.7.jar;C:\Users\Administrador\.m2\repository\org\eclipse\jetty\jetty-annotations\11.0.7\jetty-annotations-11.0.7.jar;C:\Users\Administrador\.m2\repository\org\eclipse\jetty\jetty-plus\11.0.7\jetty-plus-11.0.7.jar;C:\Users\Administrador\.m2\repository\jakarta\transaction\jakarta.transaction-api\2.0.0\jakarta.transaction-api-2.0.0.jar;C:\Users\Administrador\.m2\repository\org\eclipse\jetty\jetty-jndi\11.0.7\jetty-jndi-11.0.7.jar;C:\Users\Administrador\.m2\repository\org\ow2\asm\asm\9.2\asm-9.2.jar;C:\Users\Administrador\.m2\repository\org\ow2\asm\asm-commons\9.2\asm-commons-9.2.jar;C:\Users\Administrador\.m2\repository\org\ow2\asm\asm-tree\9.2\asm-tree-9.2.jar;C:\Users\Administrador\.m2\repository\org\ow2\asm\asm-analysis\9.2\asm-analysis-9.2.jar;C:\Users\Administrador\.m2\repository\org\eclipse\jetty\toolchain\jetty-jakarta-servlet-api\5.0.2\jetty-jakarta-servlet-api-5.0.2.jar;C:\Users\Administrador\.m2\repository\org\eclipse\jetty\jetty-server\11.0.7\jetty-server-11.0.7.jar;C:\Users\Administrador\.m2\repository\org\eclipse\jetty\jetty-servlet\11.0.7\jetty-servlet-11.0.7.jar;C:\Users\Administrador\.m2\repository\org\eclipse\jetty\jetty-security\11.0.7\jetty-security-11.0.7.jar;C:\Users\Administrador\.m2\repository\org\eclipse\jetty\jetty-util\11.0.7\jetty-util-11.0.7.jar;C:\Users\Administrador\.m2\repository\org\eclipse\jetty\jetty-webapp\11.0.7\jetty-webapp-11.0.7.jar;C:\Users\Administrador\.m2\repository\org\eclipse\jetty\jetty-xml\11.0.7\jetty-xml-11.0.7.jar;C:\Users\Administrador\.m2\repository\org\glassfish\jersey\containers\jersey-container-servlet-core\4.0.0-M1\jersey-container-servlet-core-4.0.0-M1.jar;C:\Users\Administrador\.m2\repository\jakarta\inject\jakarta.inject-api\2.0.1\jakarta.inject-api-2.0.1.jar;C:\Users\Administrador\.m2\repository\org\glassfish\jersey\core\jersey-common\4.0.0-M1\jersey-common-4.0.0-M1.jar;C:\Users\Administrador\.m2\repository\org\glassfish\hk2\osgi-resource-locator\1.0.3\osgi-resource-locator-1.0.3.jar;C:\Users\Administrador\.m2\repository\org\glassfish\jersey\core\jersey-server\4.0.0-M1\jersey-server-4.0.0-M1.jar;C:\Users\Administrador\.m2\repository\org\glassfish\jersey\core\jersey-client\4.0.0-M1\jersey-client-4.0.0-M1.jar;C:\Users\Administrador\.m2\repository\jakarta\annotation\jakarta.annotation-api\3.0.0\jakarta.annotation-api-3.0.0.jar;C:\Users\Administrador\.m2\repository\jakarta\validation\jakarta.validation-api\3.1.0-M1\jakarta.validation-api-3.1.0-M1.jar;C:\Users\Administrador\.m2\repository\org\junit\jupiter\junit-jupiter-api\5.11.3\junit-jupiter-api-5.11.3.jar;C:\Users\Administrador\.m2\repository\org\opentest4j\opentest4j\1.3.0\opentest4j-1.3.0.jar;C:\Users\Administrador\.m2\repository\org\junit\platform\junit-platform-commons\1.11.3\junit-platform-commons-1.11.3.jar;C:\Users\Administrador\.m2\repository\org\apiguardian\apiguardian-api\1.1.2\apiguardian-api-1.1.2.jar;C:\Users\Administrador\.m2\repository\org\slf4j\slf4j-api\2.0.16\slf4j-api-2.0.16.jar;C:\Users\Administrador\.m2\repository\com\typesafe\config\1.4.1\config-1.4.1.jar;C:\Users\Administrador\.m2\repository\ch\qos\logback\logback-classic\1.5.12\logback-classic-1.5.12.jar;C:\Users\Administrador\.m2\repository\ch\qos\logback\logback-core\1.5.12\logback-core-1.5.12.jar;"/>
    <property name="java.vm.vendor" value="Oracle Corporation"/>
    <property name="sun.arch.data.model" value="64"/>
    <property name="user.variant" value=""/>
    <property name="java.vendor.url" value="https://java.oracle.com/"/>
    <property name="user.timezone" value="Europe/Paris"/>
    <property name="os.name" value="Windows Server 2022"/>
    <property name="java.vm.specification.version" value="17"/>
    <property name="user.country" value="MX"/>
    <property name="sun.java.launcher" value="SUN_STANDARD"/>
    <property name="sun.boot.library.path" value="C:\Program Files\Java\jdk-17\bin"/>
    <property name="sun.java.command" value="C:\Users\Administrador\AppData\Local\Temp\1\surefire313992003796579219\surefirebooter-20241106223505666_3.jar C:\Users\Administrador\AppData\Local\Temp\1\surefire313992003796579219 2024-11-06T22-35-05_443-jvmRun1 surefire-20241106223505666_1tmp surefire_0-20241106223505666_2tmp"/>
    <property name="jdk.debug" value="release"/>
    <property name="surefire.test.class.path" value="C:\Users\Administrador\Documents\NetBeansProjects\HelpDeskAPI\helpdeskapi-server\target\test-classes;C:\Users\Administrador\Documents\NetBeansProjects\HelpDeskAPI\helpdeskapi-server\target\classes;C:\Users\Administrador\.m2\repository\com\vizuru\helpdeskapi-rest\1.0-SNAPSHOT\helpdeskapi-rest-1.0-SNAPSHOT.jar;C:\Users\Administrador\.m2\repository\jakarta\ws\rs\jakarta.ws.rs-api\4.0.0\jakarta.ws.rs-api-4.0.0.jar;C:\Users\Administrador\.m2\repository\org\glassfish\jaxb\jaxb-runtime\4.0.5\jaxb-runtime-4.0.5.jar;C:\Users\Administrador\.m2\repository\org\glassfish\jaxb\jaxb-core\4.0.5\jaxb-core-4.0.5.jar;C:\Users\Administrador\.m2\repository\jakarta\xml\bind\jakarta.xml.bind-api\4.0.2\jakarta.xml.bind-api-4.0.2.jar;C:\Users\Administrador\.m2\repository\jakarta\activation\jakarta.activation-api\2.1.3\jakarta.activation-api-2.1.3.jar;C:\Users\Administrador\.m2\repository\org\eclipse\angus\angus-activation\2.0.2\angus-activation-2.0.2.jar;C:\Users\Administrador\.m2\repository\org\glassfish\jaxb\txw2\4.0.5\txw2-4.0.5.jar;C:\Users\Administrador\.m2\repository\com\sun\istack\istack-commons-runtime\4.1.2\istack-commons-runtime-4.1.2.jar;C:\Users\Administrador\.m2\repository\org\glassfish\jersey\inject\jersey-hk2\4.0.0-M1\jersey-hk2-4.0.0-M1.jar;C:\Users\Administrador\.m2\repository\org\glassfish\hk2\hk2-locator\4.0.0-M1\hk2-locator-4.0.0-M1.jar;C:\Users\Administrador\.m2\repository\org\javassist\javassist\3.29.2-GA\javassist-3.29.2-GA.jar;C:\Users\Administrador\.m2\repository\org\glassfish\hk2\hk2-api\4.0.0-M1\hk2-api-4.0.0-M1.jar;C:\Users\Administrador\.m2\repository\org\glassfish\hk2\hk2-utils\4.0.0-M1\hk2-utils-4.0.0-M1.jar;C:\Users\Administrador\.m2\repository\org\glassfish\hk2\external\aopalliance-repackaged\4.0.0-M1\aopalliance-repackaged-4.0.0-M1.jar;C:\Users\Administrador\.m2\repository\org\eclipse\jetty\jetty-http\11.0.7\jetty-http-11.0.7.jar;C:\Users\Administrador\.m2\repository\org\eclipse\jetty\jetty-io\11.0.7\jetty-io-11.0.7.jar;C:\Users\Administrador\.m2\repository\org\eclipse\jetty\jetty-annotations\11.0.7\jetty-annotations-11.0.7.jar;C:\Users\Administrador\.m2\repository\org\eclipse\jetty\jetty-plus\11.0.7\jetty-plus-11.0.7.jar;C:\Users\Administrador\.m2\repository\jakarta\transaction\jakarta.transaction-api\2.0.0\jakarta.transaction-api-2.0.0.jar;C:\Users\Administrador\.m2\repository\org\eclipse\jetty\jetty-jndi\11.0.7\jetty-jndi-11.0.7.jar;C:\Users\Administrador\.m2\repository\org\ow2\asm\asm\9.2\asm-9.2.jar;C:\Users\Administrador\.m2\repository\org\ow2\asm\asm-commons\9.2\asm-commons-9.2.jar;C:\Users\Administrador\.m2\repository\org\ow2\asm\asm-tree\9.2\asm-tree-9.2.jar;C:\Users\Administrador\.m2\repository\org\ow2\asm\asm-analysis\9.2\asm-analysis-9.2.jar;C:\Users\Administrador\.m2\repository\org\eclipse\jetty\toolchain\jetty-jakarta-servlet-api\5.0.2\jetty-jakarta-servlet-api-5.0.2.jar;C:\Users\Administrador\.m2\repository\org\eclipse\jetty\jetty-server\11.0.7\jetty-server-11.0.7.jar;C:\Users\Administrador\.m2\repository\org\eclipse\jetty\jetty-servlet\11.0.7\jetty-servlet-11.0.7.jar;C:\Users\Administrador\.m2\repository\org\eclipse\jetty\jetty-security\11.0.7\jetty-security-11.0.7.jar;C:\Users\Administrador\.m2\repository\org\eclipse\jetty\jetty-util\11.0.7\jetty-util-11.0.7.jar;C:\Users\Administrador\.m2\repository\org\eclipse\jetty\jetty-webapp\11.0.7\jetty-webapp-11.0.7.jar;C:\Users\Administrador\.m2\repository\org\eclipse\jetty\jetty-xml\11.0.7\jetty-xml-11.0.7.jar;C:\Users\Administrador\.m2\repository\org\glassfish\jersey\containers\jersey-container-servlet-core\4.0.0-M1\jersey-container-servlet-core-4.0.0-M1.jar;C:\Users\Administrador\.m2\repository\jakarta\inject\jakarta.inject-api\2.0.1\jakarta.inject-api-2.0.1.jar;C:\Users\Administrador\.m2\repository\org\glassfish\jersey\core\jersey-common\4.0.0-M1\jersey-common-4.0.0-M1.jar;C:\Users\Administrador\.m2\repository\org\glassfish\hk2\osgi-resource-locator\1.0.3\osgi-resource-locator-1.0.3.jar;C:\Users\Administrador\.m2\repository\org\glassfish\jersey\core\jersey-server\4.0.0-M1\jersey-server-4.0.0-M1.jar;C:\Users\Administrador\.m2\repository\org\glassfish\jersey\core\jersey-client\4.0.0-M1\jersey-client-4.0.0-M1.jar;C:\Users\Administrador\.m2\repository\jakarta\annotation\jakarta.annotation-api\3.0.0\jakarta.annotation-api-3.0.0.jar;C:\Users\Administrador\.m2\repository\jakarta\validation\jakarta.validation-api\3.1.0-M1\jakarta.validation-api-3.1.0-M1.jar;C:\Users\Administrador\.m2\repository\org\junit\jupiter\junit-jupiter-api\5.11.3\junit-jupiter-api-5.11.3.jar;C:\Users\Administrador\.m2\repository\org\opentest4j\opentest4j\1.3.0\opentest4j-1.3.0.jar;C:\Users\Administrador\.m2\repository\org\junit\platform\junit-platform-commons\1.11.3\junit-platform-commons-1.11.3.jar;C:\Users\Administrador\.m2\repository\org\apiguardian\apiguardian-api\1.1.2\apiguardian-api-1.1.2.jar;C:\Users\Administrador\.m2\repository\org\slf4j\slf4j-api\2.0.16\slf4j-api-2.0.16.jar;C:\Users\Administrador\.m2\repository\com\typesafe\config\1.4.1\config-1.4.1.jar;C:\Users\Administrador\.m2\repository\ch\qos\logback\logback-classic\1.5.12\logback-classic-1.5.12.jar;C:\Users\Administrador\.m2\repository\ch\qos\logback\logback-core\1.5.12\logback-core-1.5.12.jar;"/>
    <property name="sun.cpu.endian" value="little"/>
    <property name="user.home" value="C:\Users\Administrador"/>
    <property name="user.language" value="es"/>
    <property name="java.specification.vendor" value="Oracle Corporation"/>
    <property name="java.version.date" value="2024-07-16"/>
    <property name="java.home" value="C:\Program Files\Java\jdk-17"/>
    <property name="file.separator" value="\"/>
    <property name="basedir" value="C:\Users\Administrador\Documents\NetBeansProjects\HelpDeskAPI\helpdeskapi-server"/>
    <property name="java.vm.compressedOopsMode" value="Zero based"/>
    <property name="line.separator" value="&#10;"/>
    <property name="java.vm.specification.vendor" value="Oracle Corporation"/>
    <property name="java.specification.name" value="Java Platform API Specification"/>
    <property name="port" value="8088"/>
    <property name="surefire.real.class.path" value="C:\Users\Administrador\AppData\Local\Temp\1\surefire313992003796579219\surefirebooter-20241106223505666_3.jar"/>
    <property name="user.script" value=""/>
    <property name="sun.management.compiler" value="HotSpot 64-Bit Tiered Compilers"/>
    <property name="java.runtime.version" value="17.0.12+8-LTS-286"/>
    <property name="user.name" value="Administrador"/>
    <property name="path.separator" value=";"/>
    <property name="os.version" value="10.0"/>
    <property name="java.runtime.name" value="Java(TM) SE Runtime Environment"/>
    <property name="file.encoding" value="Cp1252"/>
    <property name="java.vm.name" value="Java HotSpot(TM) 64-Bit Server VM"/>
    <property name="maven.ext.class.path" value="C:\Program Files\NetBeans-23\netbeans\java\maven-nblib\netbeans-eventspy.jar"/>
    <property name="localRepository" value="C:\Users\Administrador\.m2\repository"/>
    <property name="java.vendor.url.bug" value="https://bugreport.java.com/bugreport/"/>
    <property name="java.io.tmpdir" value="C:\Users\ADMINI~1\AppData\Local\Temp\1\"/>
    <property name="java.version" value="17.0.12"/>
    <property name="user.dir" value="C:\Users\Administrador\Documents\NetBeansProjects\HelpDeskAPI\helpdeskapi-server"/>
    <property name="os.arch" value="amd64"/>
    <property name="java.vm.specification.name" value="Java Virtual Machine Specification"/>
    <property name="sun.os.patch.level" value=""/>
    <property name="native.encoding" value="Cp1252"/>
    <property name="java.library.path" value="C:\Program Files\Java\jdk-17\bin;C:\Windows\Sun\Java\bin;C:\Windows\system32;C:\Windows;C:\Program Files\Common Files\Oracle\Java\javapath;C:\Windows\system32;C:\Windows;C:\Windows\System32\Wbem;C:\Windows\System32\WindowsPowerShell\v1.0\;C:\Windows\System32\OpenSSH\;C:\Program Files\Java\jdk-17\bin;C:\Program Files\apache-maven-3.9.9\bin;C:\Program Files\Git\cmd;C:\Users\Administrador\AppData\Local\Microsoft\WindowsApps;C:\Users\Administrador\AppData\Local\GitHubDesktop\bin;C:\Program Files\JetBrains\IntelliJ IDEA 2024.2.3\bin;;C:\ProgramData\Microsoft VS Code\bin;."/>
    <property name="java.vm.info" value="mixed mode, sharing"/>
    <property name="java.vendor" value="Oracle Corporation"/>
    <property name="java.vm.version" value="17.0.12+8-LTS-286"/>
    <property name="sun.io.unicode.encoding" value="UnicodeLittle"/>
    <property name="java.class.version" value="61.0"/>
  </properties>
  <testcase name="testDefaultValues" classname="com.helpdeskapi.server.config.SystemKeyTest" time="0.004"/>
  <testcase name="testGetKey" classname="com.helpdeskapi.server.config.SystemKeyTest" time="0.003"/>
</testsuite>